<html>
<body>
<pre>
<h1>Vision Build Log</h1>
<h2>Project:</h2>
E:\3-我的程序\HNIT-STM32F4\3 -DCMI\STM32F4_DCMI_OV7725\DCMI\Project\HNIT-STM32.uvproj
Project File Date:  04/15/2016

<h2>Output:</h2>
Build target 'HNIT-STM32'
compiling hnit_dcmi.c...
linking...
Program Size: Code=28868 RO-data=6572 RW-data=208 ZI-data=1848  
FromELF: creating hex file...
"..\OBJ\STM32-HNIT.axf" - 0 Error(s), 0 Warning(s).
</pre>
</body>
</html>
mpiling stm32f4xx_cryp_tdes.c...
compiling stm32f4xx_dac.c...
compiling stm32f4xx_dbgmcu.c...
compiling stm32f4xx_dcmi.c...
compiling stm32f4xx_dma.c...
compiling stm32f4xx_dma2d.c...
compiling stm32f4xx_exti.c...
compiling stm32f4xx_flash.c...
compiling stm32f4xx_flash_ramfunc.c...
compiling stm32f4xx_fsmc.c...
compiling stm32f4xx_gpio.c...
compiling stm32f4xx_hash.c...
compiling stm32f4xx_hash_md5.c...
compiling stm32f4xx_hash_sha1.c...
compiling stm32f4xx_i2c.c...
compiling stm32f4xx_iwdg.c...
compiling stm32f4xx_ltdc.c...
compiling stm32f4xx_pwr.c...
compiling stm32f4xx_rcc.c...
compiling stm32f4xx_rng.c...
compiling stm32f4xx_rtc.c...
compiling stm32f4xx_sai.c...
compiling stm32f4xx_sdio.c...
compiling stm32f4xx_spi.c...
compiling stm32f4xx_syscfg.c...
compiling stm32f4xx_tim.c...
compiling stm32f4xx_usart.c...
compiling stm32f4xx_wwdg.c...
compiling stm32f4xx_it.c...
compiling system_stm32f4xx.c...
compiling stm32_delay.c...
compiling stm32_sys.c...
compiling stm32_usart.c...
compiling hnit_led.c...
compiling hnit_key.c...
compiling hnit_lcd.c...
compiling hnit_sccb.c...
compiling hnit_ov7725.c...
compiling hnit_dcmi.c...
compiling main.c...
linking...
..\OBJ\STM32-HNIT.axf: Error: L6218E: Undefined symbol jpeg_data_process (referred from hnit_dcmi.o).
Not enough information to list image symbols.
Finished: 1 information, 0 warning and 1 error messages.
"..\OBJ\STM32-HNIT.axf" - 1 Error(s), 0 Warning(s).
Target not created
compiling hnit_dcmi.c...
..\Driver\DCMI\hnit_dcmi.c(18): warning:  #223-D: function "jpeg_data_process" declared implicitly
                jpeg_data_process();    //jpeg数据处理  
..\Driver\DCMI\hnit_dcmi.c: 1 warning, 0 errors
"..\Driver\DCMI\hnit_dcmi.c" - 0 Error(s), 1 Warning(s).
compiling hnit_dcmi.c...
"..\Driver\DCMI\hnit_dcmi.c" - 0 Error(s), 0 Warning(s).
cmi.c(147): warning:  #223-D: function "LCD_SetCursor" declared implicitly
    LCD_SetCursor(0,0);  
..\Driver\DCMI\hnit_dcmi.c(148): warning:  #223-D: function "LCD_WriteRAM_Prepare" declared implicitly
        LCD_WriteRAM_Prepare();         //开始写入GRAM
..\Driver\DCMI\hnit_dcmi.c: 7 warnings, 2 errors
"..\Driver\DCMI\hnit_dcmi.c" - 2 Error(s), 7 Warning(s).
compiling hnit_dcmi.c...
..\Driver\DCMI\hnit_dcmi.c(19): error:  #20: identifier "LED1" is undefined
                LED1=!LED1;
..\Driver\DCMI\hnit_dcmi.c(121): warning:  #223-D: function "LCD_SetCursor" declared implicitly
    LCD_SetCursor(0,0);  
..\Driver\DCMI\hnit_dcmi.c(122): warning:  #223-D: function "LCD_WriteRAM_Prepare" declared implicitly
        LCD_WriteRAM_Prepare();         //开始写入GRAM
..\Driver\DCMI\hnit_dcmi.c: 2 warnings, 1 error
"..\Driver\DCMI\hnit_dcmi.c" - 1 Error(s), 2 Warning(s).
compiling hnit_dcmi.c...
..\Driver\DCMI\hnit_dcmi.c(19): error:  #20: identifier "LED1" is undefined
                LED1=!LED1;
..\Driver\DCMI\hnit_dcmi.c(121): warning:  #223-D: function "LCD_SetCursor" declared implicitly
    LCD_SetCursor(0,0);  
..\Driver\DCMI\hnit_dcmi.c: 1 warning, 1 error
"..\Driver\DCMI\hnit_dcmi.c" - 1 Error(s), 1 Warning(s).
compiling hnit_dcmi.c...
..\Driver\DCMI\hnit_dcmi.c(19): error:  #20: identifier "LED1" is undefined
                LED1=!LED1;
..\Driver\DCMI\hnit_dcmi.c: 0 warnings, 1 error
"..\Driver\DCMI\hnit_dcmi.c" - 1 Error(s), 0 Warning(s).
compiling hnit_dcmi.c...
"..\Driver\DCMI\hnit_dcmi.c" - 0 Error(s), 0 Warning(s).
compiling hnit_dcmi.c...
"..\Driver\DCMI\hnit_dcmi.c" - 0 Error(s), 0 Warning(s).
